2024-05-02 20:41:02,018 [.NET ThreadPool Worker] INFO  Microsoft.AspNetCore.Hosting.Diagnostics - Request starting HTTP/1.1 POST https://localhost:44376/v1/api/SP/Sp_Login application/json;+charset=utf-8 39
2024-05-02 20:41:02,055 [.NET ThreadPool Worker] INFO  Microsoft.AspNetCore.Routing.EndpointMiddleware - Executing endpoint 'MyProjectName.API.Controllers.SPController.Post_Sp_Login (MyProjectName.API)'
2024-05-02 20:41:02,058 [.NET ThreadPool Worker] INFO  Microsoft.AspNetCore.Mvc.Infrastructure.ControllerActionInvoker - Route matched with {action = "Post_Sp_Login", controller = "SP"}. Executing controller action with signature Microsoft.AspNetCore.Mvc.ActionResult Post_Sp_Login(MyProjectName.Model.Sp_LoginInputModel) on controller MyProjectName.API.Controllers.SPController (MyProjectName.API).
2024-05-02 20:41:02,095 [.NET ThreadPool Worker] INFO  Microsoft.AspNetCore.Mvc.Infrastructure.ControllerActionInvoker - Executing action method MyProjectName.API.Controllers.SPController.Post_Sp_Login (MyProjectName.API) - Validation state: Valid
2024-05-02 20:41:02,113 [.NET ThreadPool Worker] INFO  Microsoft.AspNetCore.Mvc.Infrastructure.ControllerActionInvoker - Executed action method MyProjectName.API.Controllers.SPController.Post_Sp_Login (MyProjectName.API), returned result Microsoft.AspNetCore.Mvc.OkObjectResult in 14.5704ms.
2024-05-02 20:41:02,115 [.NET ThreadPool Worker] INFO  Microsoft.AspNetCore.Mvc.Infrastructure.ObjectResultExecutor - Executing OkObjectResult, writing value of type 'MyProjectName.Utility.APIResponse'.
2024-05-02 20:41:02,118 [.NET ThreadPool Worker] INFO  Microsoft.AspNetCore.Mvc.Infrastructure.ControllerActionInvoker - Executed action MyProjectName.API.Controllers.SPController.Post_Sp_Login (MyProjectName.API) in 57.936ms
2024-05-02 20:41:02,122 [.NET ThreadPool Worker] INFO  Microsoft.AspNetCore.Routing.EndpointMiddleware - Executed endpoint 'MyProjectName.API.Controllers.SPController.Post_Sp_Login (MyProjectName.API)'
2024-05-02 20:41:02,126 [.NET ThreadPool Worker] INFO  Microsoft.AspNetCore.Hosting.Diagnostics - Request finished HTTP/1.1 POST https://localhost:44376/v1/api/SP/Sp_Login application/json;+charset=utf-8 39 - 200 117 application/json;+charset=utf-8 107.6194ms
2024-05-02 20:41:03,987 [.NET ThreadPool Worker] INFO  Microsoft.AspNetCore.Hosting.Diagnostics - Request starting HTTP/1.1 POST https://localhost:44376/v1/api/SP/Sp_Login application/json;+charset=utf-8 39
2024-05-02 20:41:03,991 [.NET ThreadPool Worker] INFO  Microsoft.AspNetCore.Routing.EndpointMiddleware - Executing endpoint 'MyProjectName.API.Controllers.SPController.Post_Sp_Login (MyProjectName.API)'
2024-05-02 20:41:03,993 [.NET ThreadPool Worker] INFO  Microsoft.AspNetCore.Mvc.Infrastructure.ControllerActionInvoker - Route matched with {action = "Post_Sp_Login", controller = "SP"}. Executing controller action with signature Microsoft.AspNetCore.Mvc.ActionResult Post_Sp_Login(MyProjectName.Model.Sp_LoginInputModel) on controller MyProjectName.API.Controllers.SPController (MyProjectName.API).
2024-05-02 20:41:04,028 [.NET ThreadPool Worker] INFO  Microsoft.AspNetCore.Mvc.Infrastructure.ControllerActionInvoker - Executing action method MyProjectName.API.Controllers.SPController.Post_Sp_Login (MyProjectName.API) - Validation state: Valid
2024-05-02 20:41:04,045 [.NET ThreadPool Worker] INFO  Microsoft.AspNetCore.Mvc.Infrastructure.ControllerActionInvoker - Executed action method MyProjectName.API.Controllers.SPController.Post_Sp_Login (MyProjectName.API), returned result Microsoft.AspNetCore.Mvc.OkObjectResult in 14.2606ms.
2024-05-02 20:41:04,047 [.NET ThreadPool Worker] INFO  Microsoft.AspNetCore.Mvc.Infrastructure.ObjectResultExecutor - Executing OkObjectResult, writing value of type 'MyProjectName.Utility.APIResponse'.
2024-05-02 20:41:04,050 [.NET ThreadPool Worker] INFO  Microsoft.AspNetCore.Mvc.Infrastructure.ControllerActionInvoker - Executed action MyProjectName.API.Controllers.SPController.Post_Sp_Login (MyProjectName.API) in 54.3761ms
2024-05-02 20:41:04,052 [.NET ThreadPool Worker] INFO  Microsoft.AspNetCore.Routing.EndpointMiddleware - Executed endpoint 'MyProjectName.API.Controllers.SPController.Post_Sp_Login (MyProjectName.API)'
2024-05-02 20:41:04,057 [.NET ThreadPool Worker] INFO  Microsoft.AspNetCore.Hosting.Diagnostics - Request finished HTTP/1.1 POST https://localhost:44376/v1/api/SP/Sp_Login application/json;+charset=utf-8 39 - 200 117 application/json;+charset=utf-8 70.9312ms
2024-05-02 20:41:04,160 [.NET ThreadPool Worker] INFO  Microsoft.AspNetCore.Hosting.Diagnostics - Request starting HTTP/1.1 POST https://localhost:44376/v1/api/SP/Sp_Login application/json;+charset=utf-8 39
2024-05-02 20:41:04,163 [.NET ThreadPool Worker] INFO  Microsoft.AspNetCore.Routing.EndpointMiddleware - Executing endpoint 'MyProjectName.API.Controllers.SPController.Post_Sp_Login (MyProjectName.API)'
2024-05-02 20:41:04,166 [.NET ThreadPool Worker] INFO  Microsoft.AspNetCore.Mvc.Infrastructure.ControllerActionInvoker - Route matched with {action = "Post_Sp_Login", controller = "SP"}. Executing controller action with signature Microsoft.AspNetCore.Mvc.ActionResult Post_Sp_Login(MyProjectName.Model.Sp_LoginInputModel) on controller MyProjectName.API.Controllers.SPController (MyProjectName.API).
2024-05-02 20:41:04,196 [.NET ThreadPool Worker] INFO  Microsoft.AspNetCore.Mvc.Infrastructure.ControllerActionInvoker - Executing action method MyProjectName.API.Controllers.SPController.Post_Sp_Login (MyProjectName.API) - Validation state: Valid
2024-05-02 20:41:04,213 [.NET ThreadPool Worker] INFO  Microsoft.AspNetCore.Mvc.Infrastructure.ControllerActionInvoker - Executed action method MyProjectName.API.Controllers.SPController.Post_Sp_Login (MyProjectName.API), returned result Microsoft.AspNetCore.Mvc.OkObjectResult in 14.1641ms.
2024-05-02 20:41:04,215 [.NET ThreadPool Worker] INFO  Microsoft.AspNetCore.Mvc.Infrastructure.ObjectResultExecutor - Executing OkObjectResult, writing value of type 'MyProjectName.Utility.APIResponse'.
2024-05-02 20:41:04,218 [.NET ThreadPool Worker] INFO  Microsoft.AspNetCore.Mvc.Infrastructure.ControllerActionInvoker - Executed action MyProjectName.API.Controllers.SPController.Post_Sp_Login (MyProjectName.API) in 49.3701ms
2024-05-02 20:41:04,222 [.NET ThreadPool Worker] INFO  Microsoft.AspNetCore.Routing.EndpointMiddleware - Executed endpoint 'MyProjectName.API.Controllers.SPController.Post_Sp_Login (MyProjectName.API)'
2024-05-02 20:41:04,226 [.NET ThreadPool Worker] INFO  Microsoft.AspNetCore.Hosting.Diagnostics - Request finished HTTP/1.1 POST https://localhost:44376/v1/api/SP/Sp_Login application/json;+charset=utf-8 39 - 200 117 application/json;+charset=utf-8 65.3179ms
2024-05-02 20:41:04,381 [.NET ThreadPool Worker] INFO  Microsoft.AspNetCore.Hosting.Diagnostics - Request starting HTTP/1.1 POST https://localhost:44376/v1/api/SP/Sp_Login application/json;+charset=utf-8 39
2024-05-02 20:41:04,383 [.NET ThreadPool Worker] INFO  Microsoft.AspNetCore.Routing.EndpointMiddleware - Executing endpoint 'MyProjectName.API.Controllers.SPController.Post_Sp_Login (MyProjectName.API)'
2024-05-02 20:41:04,386 [.NET ThreadPool Worker] INFO  Microsoft.AspNetCore.Mvc.Infrastructure.ControllerActionInvoker - Route matched with {action = "Post_Sp_Login", controller = "SP"}. Executing controller action with signature Microsoft.AspNetCore.Mvc.ActionResult Post_Sp_Login(MyProjectName.Model.Sp_LoginInputModel) on controller MyProjectName.API.Controllers.SPController (MyProjectName.API).
2024-05-02 20:41:04,416 [.NET ThreadPool Worker] INFO  Microsoft.AspNetCore.Mvc.Infrastructure.ControllerActionInvoker - Executing action method MyProjectName.API.Controllers.SPController.Post_Sp_Login (MyProjectName.API) - Validation state: Valid
2024-05-02 20:41:04,433 [.NET ThreadPool Worker] INFO  Microsoft.AspNetCore.Mvc.Infrastructure.ControllerActionInvoker - Executed action method MyProjectName.API.Controllers.SPController.Post_Sp_Login (MyProjectName.API), returned result Microsoft.AspNetCore.Mvc.OkObjectResult in 14.2002ms.
2024-05-02 20:41:04,436 [.NET ThreadPool Worker] INFO  Microsoft.AspNetCore.Mvc.Infrastructure.ObjectResultExecutor - Executing OkObjectResult, writing value of type 'MyProjectName.Utility.APIResponse'.
2024-05-02 20:41:04,441 [.NET ThreadPool Worker] INFO  Microsoft.AspNetCore.Mvc.Infrastructure.ControllerActionInvoker - Executed action MyProjectName.API.Controllers.SPController.Post_Sp_Login (MyProjectName.API) in 50.3629ms
2024-05-02 20:41:04,443 [.NET ThreadPool Worker] INFO  Microsoft.AspNetCore.Routing.EndpointMiddleware - Executed endpoint 'MyProjectName.API.Controllers.SPController.Post_Sp_Login (MyProjectName.API)'
2024-05-02 20:41:04,446 [.NET ThreadPool Worker] INFO  Microsoft.AspNetCore.Hosting.Diagnostics - Request finished HTTP/1.1 POST https://localhost:44376/v1/api/SP/Sp_Login application/json;+charset=utf-8 39 - 200 117 application/json;+charset=utf-8 65.2774ms
2024-05-02 20:41:05,113 [.NET ThreadPool Worker] INFO  Microsoft.AspNetCore.Hosting.Diagnostics - Request starting HTTP/1.1 POST https://localhost:44376/v1/api/SP/Sp_Login application/json;+charset=utf-8 39
2024-05-02 20:41:05,117 [.NET ThreadPool Worker] INFO  Microsoft.AspNetCore.Routing.EndpointMiddleware - Executing endpoint 'MyProjectName.API.Controllers.SPController.Post_Sp_Login (MyProjectName.API)'
2024-05-02 20:41:05,119 [.NET ThreadPool Worker] INFO  Microsoft.AspNetCore.Mvc.Infrastructure.ControllerActionInvoker - Route matched with {action = "Post_Sp_Login", controller = "SP"}. Executing controller action with signature Microsoft.AspNetCore.Mvc.ActionResult Post_Sp_Login(MyProjectName.Model.Sp_LoginInputModel) on controller MyProjectName.API.Controllers.SPController (MyProjectName.API).
2024-05-02 20:41:05,151 [.NET ThreadPool Worker] INFO  Microsoft.AspNetCore.Mvc.Infrastructure.ControllerActionInvoker - Executing action method MyProjectName.API.Controllers.SPController.Post_Sp_Login (MyProjectName.API) - Validation state: Valid
2024-05-02 20:41:05,168 [.NET ThreadPool Worker] INFO  Microsoft.AspNetCore.Mvc.Infrastructure.ControllerActionInvoker - Executed action method MyProjectName.API.Controllers.SPController.Post_Sp_Login (MyProjectName.API), returned result Microsoft.AspNetCore.Mvc.OkObjectResult in 14.2264ms.
2024-05-02 20:41:05,172 [.NET ThreadPool Worker] INFO  Microsoft.AspNetCore.Mvc.Infrastructure.ObjectResultExecutor - Executing OkObjectResult, writing value of type 'MyProjectName.Utility.APIResponse'.
2024-05-02 20:41:05,176 [.NET ThreadPool Worker] INFO  Microsoft.AspNetCore.Mvc.Infrastructure.ControllerActionInvoker - Executed action MyProjectName.API.Controllers.SPController.Post_Sp_Login (MyProjectName.API) in 52.2047ms
2024-05-02 20:41:05,179 [.NET ThreadPool Worker] INFO  Microsoft.AspNetCore.Routing.EndpointMiddleware - Executed endpoint 'MyProjectName.API.Controllers.SPController.Post_Sp_Login (MyProjectName.API)'
2024-05-02 20:41:05,182 [.NET ThreadPool Worker] INFO  Microsoft.AspNetCore.Hosting.Diagnostics - Request finished HTTP/1.1 POST https://localhost:44376/v1/api/SP/Sp_Login application/json;+charset=utf-8 39 - 200 117 application/json;+charset=utf-8 68.0905ms
2024-05-02 20:41:05,895 [.NET ThreadPool Worker] INFO  Microsoft.AspNetCore.Hosting.Diagnostics - Request starting HTTP/1.1 POST https://localhost:44376/v1/api/SP/Sp_Login application/json;+charset=utf-8 39
2024-05-02 20:41:05,898 [.NET ThreadPool Worker] INFO  Microsoft.AspNetCore.Routing.EndpointMiddleware - Executing endpoint 'MyProjectName.API.Controllers.SPController.Post_Sp_Login (MyProjectName.API)'
2024-05-02 20:41:05,900 [.NET ThreadPool Worker] INFO  Microsoft.AspNetCore.Mvc.Infrastructure.ControllerActionInvoker - Route matched with {action = "Post_Sp_Login", controller = "SP"}. Executing controller action with signature Microsoft.AspNetCore.Mvc.ActionResult Post_Sp_Login(MyProjectName.Model.Sp_LoginInputModel) on controller MyProjectName.API.Controllers.SPController (MyProjectName.API).
2024-05-02 20:41:05,930 [.NET ThreadPool Worker] INFO  Microsoft.AspNetCore.Mvc.Infrastructure.ControllerActionInvoker - Executing action method MyProjectName.API.Controllers.SPController.Post_Sp_Login (MyProjectName.API) - Validation state: Valid
2024-05-02 20:41:05,946 [.NET ThreadPool Worker] INFO  Microsoft.AspNetCore.Mvc.Infrastructure.ControllerActionInvoker - Executed action method MyProjectName.API.Controllers.SPController.Post_Sp_Login (MyProjectName.API), returned result Microsoft.AspNetCore.Mvc.OkObjectResult in 13.9896ms.
2024-05-02 20:41:05,949 [.NET ThreadPool Worker] INFO  Microsoft.AspNetCore.Mvc.Infrastructure.ObjectResultExecutor - Executing OkObjectResult, writing value of type 'MyProjectName.Utility.APIResponse'.
2024-05-02 20:41:05,952 [.NET ThreadPool Worker] INFO  Microsoft.AspNetCore.Mvc.Infrastructure.ControllerActionInvoker - Executed action MyProjectName.API.Controllers.SPController.Post_Sp_Login (MyProjectName.API) in 48.904ms
2024-05-02 20:41:05,956 [.NET ThreadPool Worker] INFO  Microsoft.AspNetCore.Routing.EndpointMiddleware - Executed endpoint 'MyProjectName.API.Controllers.SPController.Post_Sp_Login (MyProjectName.API)'
2024-05-02 20:41:05,959 [.NET ThreadPool Worker] INFO  Microsoft.AspNetCore.Hosting.Diagnostics - Request finished HTTP/1.1 POST https://localhost:44376/v1/api/SP/Sp_Login application/json;+charset=utf-8 39 - 200 117 application/json;+charset=utf-8 64.0813ms
2024-05-02 20:41:06,084 [.NET ThreadPool Worker] INFO  Microsoft.AspNetCore.Hosting.Diagnostics - Request starting HTTP/1.1 POST https://localhost:44376/v1/api/SP/Sp_Login application/json;+charset=utf-8 39
2024-05-02 20:41:06,087 [.NET ThreadPool Worker] INFO  Microsoft.AspNetCore.Routing.EndpointMiddleware - Executing endpoint 'MyProjectName.API.Controllers.SPController.Post_Sp_Login (MyProjectName.API)'
2024-05-02 20:41:06,091 [.NET ThreadPool Worker] INFO  Microsoft.AspNetCore.Mvc.Infrastructure.ControllerActionInvoker - Route matched with {action = "Post_Sp_Login", controller = "SP"}. Executing controller action with signature Microsoft.AspNetCore.Mvc.ActionResult Post_Sp_Login(MyProjectName.Model.Sp_LoginInputModel) on controller MyProjectName.API.Controllers.SPController (MyProjectName.API).
2024-05-02 20:41:06,118 [.NET ThreadPool Worker] INFO  Microsoft.AspNetCore.Mvc.Infrastructure.ControllerActionInvoker - Executing action method MyProjectName.API.Controllers.SPController.Post_Sp_Login (MyProjectName.API) - Validation state: Valid
2024-05-02 20:41:06,133 [.NET ThreadPool Worker] INFO  Microsoft.AspNetCore.Mvc.Infrastructure.ControllerActionInvoker - Executed action method MyProjectName.API.Controllers.SPController.Post_Sp_Login (MyProjectName.API), returned result Microsoft.AspNetCore.Mvc.OkObjectResult in 11.7824ms.
2024-05-02 20:41:06,136 [.NET ThreadPool Worker] INFO  Microsoft.AspNetCore.Mvc.Infrastructure.ObjectResultExecutor - Executing OkObjectResult, writing value of type 'MyProjectName.Utility.APIResponse'.
2024-05-02 20:41:06,140 [.NET ThreadPool Worker] INFO  Microsoft.AspNetCore.Mvc.Infrastructure.ControllerActionInvoker - Executed action MyProjectName.API.Controllers.SPController.Post_Sp_Login (MyProjectName.API) in 46.154ms
2024-05-02 20:41:06,143 [.NET ThreadPool Worker] INFO  Microsoft.AspNetCore.Routing.EndpointMiddleware - Executed endpoint 'MyProjectName.API.Controllers.SPController.Post_Sp_Login (MyProjectName.API)'
2024-05-02 20:41:06,145 [.NET ThreadPool Worker] INFO  Microsoft.AspNetCore.Hosting.Diagnostics - Request finished HTTP/1.1 POST https://localhost:44376/v1/api/SP/Sp_Login application/json;+charset=utf-8 39 - 200 117 application/json;+charset=utf-8 61.6141ms
2024-05-02 20:41:06,268 [.NET ThreadPool Worker] INFO  Microsoft.AspNetCore.Hosting.Diagnostics - Request starting HTTP/1.1 POST https://localhost:44376/v1/api/SP/Sp_Login application/json;+charset=utf-8 39
2024-05-02 20:41:06,272 [.NET ThreadPool Worker] INFO  Microsoft.AspNetCore.Routing.EndpointMiddleware - Executing endpoint 'MyProjectName.API.Controllers.SPController.Post_Sp_Login (MyProjectName.API)'
2024-05-02 20:41:06,275 [.NET ThreadPool Worker] INFO  Microsoft.AspNetCore.Mvc.Infrastructure.ControllerActionInvoker - Route matched with {action = "Post_Sp_Login", controller = "SP"}. Executing controller action with signature Microsoft.AspNetCore.Mvc.ActionResult Post_Sp_Login(MyProjectName.Model.Sp_LoginInputModel) on controller MyProjectName.API.Controllers.SPController (MyProjectName.API).
2024-05-02 20:41:06,306 [.NET ThreadPool Worker] INFO  Microsoft.AspNetCore.Mvc.Infrastructure.ControllerActionInvoker - Executing action method MyProjectName.API.Controllers.SPController.Post_Sp_Login (MyProjectName.API) - Validation state: Valid
2024-05-02 20:41:06,324 [.NET ThreadPool Worker] INFO  Microsoft.AspNetCore.Mvc.Infrastructure.ControllerActionInvoker - Executed action method MyProjectName.API.Controllers.SPController.Post_Sp_Login (MyProjectName.API), returned result Microsoft.AspNetCore.Mvc.OkObjectResult in 14.6253ms.
2024-05-02 20:41:06,326 [.NET ThreadPool Worker] INFO  Microsoft.AspNetCore.Mvc.Infrastructure.ObjectResultExecutor - Executing OkObjectResult, writing value of type 'MyProjectName.Utility.APIResponse'.
2024-05-02 20:41:06,329 [.NET ThreadPool Worker] INFO  Microsoft.AspNetCore.Mvc.Infrastructure.ControllerActionInvoker - Executed action MyProjectName.API.Controllers.SPController.Post_Sp_Login (MyProjectName.API) in 51.2591ms
2024-05-02 20:41:06,331 [.NET ThreadPool Worker] INFO  Microsoft.AspNetCore.Routing.EndpointMiddleware - Executed endpoint 'MyProjectName.API.Controllers.SPController.Post_Sp_Login (MyProjectName.API)'
2024-05-02 20:41:06,334 [.NET ThreadPool Worker] INFO  Microsoft.AspNetCore.Hosting.Diagnostics - Request finished HTTP/1.1 POST https://localhost:44376/v1/api/SP/Sp_Login application/json;+charset=utf-8 39 - 200 117 application/json;+charset=utf-8 66.1685ms
2024-05-02 20:41:06,459 [.NET ThreadPool Worker] INFO  Microsoft.AspNetCore.Hosting.Diagnostics - Request starting HTTP/1.1 POST https://localhost:44376/v1/api/SP/Sp_Login application/json;+charset=utf-8 39
2024-05-02 20:41:06,463 [.NET ThreadPool Worker] INFO  Microsoft.AspNetCore.Routing.EndpointMiddleware - Executing endpoint 'MyProjectName.API.Controllers.SPController.Post_Sp_Login (MyProjectName.API)'
2024-05-02 20:41:06,465 [.NET ThreadPool Worker] INFO  Microsoft.AspNetCore.Mvc.Infrastructure.ControllerActionInvoker - Route matched with {action = "Post_Sp_Login", controller = "SP"}. Executing controller action with signature Microsoft.AspNetCore.Mvc.ActionResult Post_Sp_Login(MyProjectName.Model.Sp_LoginInputModel) on controller MyProjectName.API.Controllers.SPController (MyProjectName.API).
2024-05-02 20:41:06,495 [.NET ThreadPool Worker] INFO  Microsoft.AspNetCore.Mvc.Infrastructure.ControllerActionInvoker - Executing action method MyProjectName.API.Controllers.SPController.Post_Sp_Login (MyProjectName.API) - Validation state: Valid
2024-05-02 20:41:06,511 [.NET ThreadPool Worker] INFO  Microsoft.AspNetCore.Mvc.Infrastructure.ControllerActionInvoker - Executed action method MyProjectName.API.Controllers.SPController.Post_Sp_Login (MyProjectName.API), returned result Microsoft.AspNetCore.Mvc.OkObjectResult in 14.1259ms.
2024-05-02 20:41:06,514 [.NET ThreadPool Worker] INFO  Microsoft.AspNetCore.Mvc.Infrastructure.ObjectResultExecutor - Executing OkObjectResult, writing value of type 'MyProjectName.Utility.APIResponse'.
2024-05-02 20:41:06,516 [.NET ThreadPool Worker] INFO  Microsoft.AspNetCore.Mvc.Infrastructure.ControllerActionInvoker - Executed action MyProjectName.API.Controllers.SPController.Post_Sp_Login (MyProjectName.API) in 48.7328ms
2024-05-02 20:41:06,520 [.NET ThreadPool Worker] INFO  Microsoft.AspNetCore.Routing.EndpointMiddleware - Executed endpoint 'MyProjectName.API.Controllers.SPController.Post_Sp_Login (MyProjectName.API)'
2024-05-02 20:41:06,524 [.NET ThreadPool Worker] INFO  Microsoft.AspNetCore.Hosting.Diagnostics - Request finished HTTP/1.1 POST https://localhost:44376/v1/api/SP/Sp_Login application/json;+charset=utf-8 39 - 200 117 application/json;+charset=utf-8 64.4515ms
2024-05-02 20:41:06,798 [.NET ThreadPool Worker] INFO  Microsoft.AspNetCore.Hosting.Diagnostics - Request starting HTTP/1.1 POST https://localhost:44376/v1/api/SP/Sp_Login application/json;+charset=utf-8 39
2024-05-02 20:41:06,801 [.NET ThreadPool Worker] INFO  Microsoft.AspNetCore.Routing.EndpointMiddleware - Executing endpoint 'MyProjectName.API.Controllers.SPController.Post_Sp_Login (MyProjectName.API)'
2024-05-02 20:41:06,804 [.NET ThreadPool Worker] INFO  Microsoft.AspNetCore.Mvc.Infrastructure.ControllerActionInvoker - Route matched with {action = "Post_Sp_Login", controller = "SP"}. Executing controller action with signature Microsoft.AspNetCore.Mvc.ActionResult Post_Sp_Login(MyProjectName.Model.Sp_LoginInputModel) on controller MyProjectName.API.Controllers.SPController (MyProjectName.API).
2024-05-02 20:41:06,833 [.NET ThreadPool Worker] INFO  Microsoft.AspNetCore.Mvc.Infrastructure.ControllerActionInvoker - Executing action method MyProjectName.API.Controllers.SPController.Post_Sp_Login (MyProjectName.API) - Validation state: Valid
2024-05-02 20:41:06,850 [.NET ThreadPool Worker] INFO  Microsoft.AspNetCore.Mvc.Infrastructure.ControllerActionInvoker - Executed action method MyProjectName.API.Controllers.SPController.Post_Sp_Login (MyProjectName.API), returned result Microsoft.AspNetCore.Mvc.OkObjectResult in 14.3201ms.
2024-05-02 20:41:06,854 [.NET ThreadPool Worker] INFO  Microsoft.AspNetCore.Mvc.Infrastructure.ObjectResultExecutor - Executing OkObjectResult, writing value of type 'MyProjectName.Utility.APIResponse'.
2024-05-02 20:41:06,858 [.NET ThreadPool Worker] INFO  Microsoft.AspNetCore.Mvc.Infrastructure.ControllerActionInvoker - Executed action MyProjectName.API.Controllers.SPController.Post_Sp_Login (MyProjectName.API) in 50.085ms
2024-05-02 20:41:06,860 [.NET ThreadPool Worker] INFO  Microsoft.AspNetCore.Routing.EndpointMiddleware - Executed endpoint 'MyProjectName.API.Controllers.SPController.Post_Sp_Login (MyProjectName.API)'
2024-05-02 20:41:06,863 [.NET ThreadPool Worker] INFO  Microsoft.AspNetCore.Hosting.Diagnostics - Request finished HTTP/1.1 POST https://localhost:44376/v1/api/SP/Sp_Login application/json;+charset=utf-8 39 - 200 117 application/json;+charset=utf-8 64.9793ms
2024-05-02 20:41:06,979 [.NET ThreadPool Worker] INFO  Microsoft.AspNetCore.Hosting.Diagnostics - Request starting HTTP/1.1 POST https://localhost:44376/v1/api/SP/Sp_Login application/json;+charset=utf-8 39
2024-05-02 20:41:06,982 [.NET ThreadPool Worker] INFO  Microsoft.AspNetCore.Routing.EndpointMiddleware - Executing endpoint 'MyProjectName.API.Controllers.SPController.Post_Sp_Login (MyProjectName.API)'
2024-05-02 20:41:06,985 [.NET ThreadPool Worker] INFO  Microsoft.AspNetCore.Mvc.Infrastructure.ControllerActionInvoker - Route matched with {action = "Post_Sp_Login", controller = "SP"}. Executing controller action with signature Microsoft.AspNetCore.Mvc.ActionResult Post_Sp_Login(MyProjectName.Model.Sp_LoginInputModel) on controller MyProjectName.API.Controllers.SPController (MyProjectName.API).
2024-05-02 20:41:07,020 [.NET ThreadPool Worker] INFO  Microsoft.AspNetCore.Mvc.Infrastructure.ControllerActionInvoker - Executing action method MyProjectName.API.Controllers.SPController.Post_Sp_Login (MyProjectName.API) - Validation state: Valid
2024-05-02 20:41:07,037 [.NET ThreadPool Worker] INFO  Microsoft.AspNetCore.Mvc.Infrastructure.ControllerActionInvoker - Executed action method MyProjectName.API.Controllers.SPController.Post_Sp_Login (MyProjectName.API), returned result Microsoft.AspNetCore.Mvc.OkObjectResult in 13.4944ms.
2024-05-02 20:41:07,041 [.NET ThreadPool Worker] INFO  Microsoft.AspNetCore.Mvc.Infrastructure.ObjectResultExecutor - Executing OkObjectResult, writing value of type 'MyProjectName.Utility.APIResponse'.
2024-05-02 20:41:07,044 [.NET ThreadPool Worker] INFO  Microsoft.AspNetCore.Mvc.Infrastructure.ControllerActionInvoker - Executed action MyProjectName.API.Controllers.SPController.Post_Sp_Login (MyProjectName.API) in 55.255ms
2024-05-02 20:41:07,046 [.NET ThreadPool Worker] INFO  Microsoft.AspNetCore.Routing.EndpointMiddleware - Executed endpoint 'MyProjectName.API.Controllers.SPController.Post_Sp_Login (MyProjectName.API)'
2024-05-02 20:41:07,048 [.NET ThreadPool Worker] INFO  Microsoft.AspNetCore.Hosting.Diagnostics - Request finished HTTP/1.1 POST https://localhost:44376/v1/api/SP/Sp_Login application/json;+charset=utf-8 39 - 200 117 application/json;+charset=utf-8 69.2958ms
2024-05-02 20:41:11,527 [.NET ThreadPool Worker] INFO  Microsoft.AspNetCore.Hosting.Diagnostics - Request starting HTTP/1.1 POST https://localhost:44376/v1/api/SP/Sp_Login application/json;+charset=utf-8 39
2024-05-02 20:41:11,530 [.NET ThreadPool Worker] INFO  Microsoft.AspNetCore.Routing.EndpointMiddleware - Executing endpoint 'MyProjectName.API.Controllers.SPController.Post_Sp_Login (MyProjectName.API)'
2024-05-02 20:41:11,532 [.NET ThreadPool Worker] INFO  Microsoft.AspNetCore.Mvc.Infrastructure.ControllerActionInvoker - Route matched with {action = "Post_Sp_Login", controller = "SP"}. Executing controller action with signature Microsoft.AspNetCore.Mvc.ActionResult Post_Sp_Login(MyProjectName.Model.Sp_LoginInputModel) on controller MyProjectName.API.Controllers.SPController (MyProjectName.API).
2024-05-02 20:41:11,561 [.NET ThreadPool Worker] INFO  Microsoft.AspNetCore.Mvc.Infrastructure.ControllerActionInvoker - Executing action method MyProjectName.API.Controllers.SPController.Post_Sp_Login (MyProjectName.API) - Validation state: Valid
2024-05-02 20:41:11,577 [.NET ThreadPool Worker] INFO  Microsoft.AspNetCore.Mvc.Infrastructure.ControllerActionInvoker - Executed action method MyProjectName.API.Controllers.SPController.Post_Sp_Login (MyProjectName.API), returned result Microsoft.AspNetCore.Mvc.OkObjectResult in 14.0132ms.
2024-05-02 20:41:11,580 [.NET ThreadPool Worker] INFO  Microsoft.AspNetCore.Mvc.Infrastructure.ObjectResultExecutor - Executing OkObjectResult, writing value of type 'MyProjectName.Utility.APIResponse'.
2024-05-02 20:41:11,582 [.NET ThreadPool Worker] INFO  Microsoft.AspNetCore.Mvc.Infrastructure.ControllerActionInvoker - Executed action MyProjectName.API.Controllers.SPController.Post_Sp_Login (MyProjectName.API) in 48.0273ms
2024-05-02 20:41:11,584 [.NET ThreadPool Worker] INFO  Microsoft.AspNetCore.Routing.EndpointMiddleware - Executed endpoint 'MyProjectName.API.Controllers.SPController.Post_Sp_Login (MyProjectName.API)'
2024-05-02 20:41:11,589 [.NET ThreadPool Worker] INFO  Microsoft.AspNetCore.Hosting.Diagnostics - Request finished HTTP/1.1 POST https://localhost:44376/v1/api/SP/Sp_Login application/json;+charset=utf-8 39 - 200 117 application/json;+charset=utf-8 60.6183ms
