2024-05-02 18:43:18,067 [1] INFO  Microsoft.AspNetCore.DataProtection.KeyManagement.XmlKeyManager - User profile is available. Using 'C:\Users\Admin\AppData\Local\ASP.NET\DataProtection-Keys' as key repository and Windows DPAPI to encrypt keys at rest.
2024-05-02 18:43:18,242 [.NET ThreadPool Worker] INFO  Microsoft.AspNetCore.Hosting.Diagnostics - Request starting HTTP/2 GET https://localhost:44376/swagger - -
2024-05-02 18:43:18,481 [.NET ThreadPool Worker] INFO  Microsoft.AspNetCore.Hosting.Diagnostics - Request starting HTTP/2 GET https://localhost:44376/swagger/index.html - -
2024-05-02 18:43:18,504 [8] INFO  Microsoft.AspNetCore.Hosting.Diagnostics - Request finished HTTP/2 GET https://localhost:44376/swagger - - - 301 - - 264.0871ms
2024-05-02 18:43:18,579 [.NET ThreadPool Worker] INFO  Microsoft.AspNetCore.Hosting.Diagnostics - Request finished HTTP/2 GET https://localhost:44376/swagger/index.html - - - 200 - text/html;charset=utf-8 93.1455ms
2024-05-02 18:43:18,600 [.NET ThreadPool Worker] INFO  Microsoft.AspNetCore.Hosting.Diagnostics - Request starting HTTP/2 GET https://localhost:44376/swagger/swagger-ui.css - -
2024-05-02 18:43:18,615 [.NET ThreadPool Worker] INFO  Microsoft.AspNetCore.Hosting.Diagnostics - Request starting HTTP/2 GET https://localhost:44376/_framework/aspnetcore-browser-refresh.js - -
2024-05-02 18:43:18,616 [.NET ThreadPool Worker] INFO  Microsoft.AspNetCore.Hosting.Diagnostics - Request starting HTTP/2 GET https://localhost:44376/swagger/swagger-ui-bundle.js - -
2024-05-02 18:43:18,625 [.NET ThreadPool Worker] INFO  Microsoft.AspNetCore.Hosting.Diagnostics - Request starting HTTP/2 GET https://localhost:44376/swagger/swagger-ui-standalone-preset.js - -
2024-05-02 18:43:18,645 [.NET ThreadPool Worker] INFO  Microsoft.AspNetCore.Hosting.Diagnostics - Request starting HTTP/2 GET https://localhost:44376/_vs/browserLink - -
2024-05-02 18:43:18,652 [.NET ThreadPool Worker] INFO  Microsoft.AspNetCore.Hosting.Diagnostics - Request finished HTTP/2 GET https://localhost:44376/_framework/aspnetcore-browser-refresh.js - - - 200 12366 application/javascript;+charset=utf-8 41.7145ms
2024-05-02 18:43:18,690 [.NET ThreadPool Worker] INFO  Microsoft.AspNetCore.Hosting.Diagnostics - Request starting HTTP/2 GET https://localhost:44376/_framework/aspnetcore-browser-refresh.js - -
2024-05-02 18:43:18,697 [.NET ThreadPool Worker] INFO  Microsoft.AspNetCore.Hosting.Diagnostics - Request finished HTTP/2 GET https://localhost:44376/_framework/aspnetcore-browser-refresh.js - - - 200 12366 application/javascript;+charset=utf-8 10.0832ms
2024-05-02 18:43:18,716 [.NET ThreadPool Worker] INFO  Microsoft.AspNetCore.StaticFiles.StaticFileMiddleware - Sending file. Request path: '/swagger-ui-bundle.js'. Physical path: 'N/A'
2024-05-02 18:43:18,716 [.NET ThreadPool Worker] INFO  Microsoft.AspNetCore.StaticFiles.StaticFileMiddleware - Sending file. Request path: '/swagger-ui-standalone-preset.js'. Physical path: 'N/A'
2024-05-02 18:43:18,716 [.NET ThreadPool Worker] INFO  Microsoft.AspNetCore.StaticFiles.StaticFileMiddleware - Sending file. Request path: '/swagger-ui.css'. Physical path: 'N/A'
2024-05-02 18:43:18,722 [.NET ThreadPool Worker] INFO  Microsoft.AspNetCore.Hosting.Diagnostics - Request finished HTTP/2 GET https://localhost:44376/swagger/swagger-ui.css - - - 200 144929 text/css 122.6899ms
2024-05-02 18:43:18,729 [.NET ThreadPool Worker] INFO  Microsoft.AspNetCore.Hosting.Diagnostics - Request finished HTTP/2 GET https://localhost:44376/swagger/swagger-ui-standalone-preset.js - - - 200 312163 application/javascript 107.8872ms
2024-05-02 18:43:18,735 [.NET ThreadPool Worker] INFO  Microsoft.AspNetCore.Hosting.Diagnostics - Request starting HTTP/2 GET https://localhost:44376/swagger/swagger-ui-standalone-preset.js - -
2024-05-02 18:43:18,742 [.NET ThreadPool Worker] INFO  Microsoft.AspNetCore.StaticFiles.StaticFileMiddleware - Sending file. Request path: '/swagger-ui-standalone-preset.js'. Physical path: 'N/A'
2024-05-02 18:43:18,749 [.NET ThreadPool Worker] INFO  Microsoft.AspNetCore.Hosting.Diagnostics - Request finished HTTP/2 GET https://localhost:44376/swagger/swagger-ui-bundle.js - - - 200 1061536 application/javascript 138.5540ms
2024-05-02 18:43:18,753 [.NET ThreadPool Worker] INFO  Microsoft.AspNetCore.Hosting.Diagnostics - Request finished HTTP/2 GET https://localhost:44376/swagger/swagger-ui-standalone-preset.js - - - 200 312163 application/javascript 17.5575ms
2024-05-02 18:43:18,780 [.NET ThreadPool Worker] INFO  Microsoft.AspNetCore.Hosting.Diagnostics - Request finished HTTP/2 GET https://localhost:44376/_vs/browserLink - - - 200 - text/javascript;+charset=UTF-8 142.4642ms
2024-05-02 18:43:18,929 [.NET ThreadPool Worker] INFO  Microsoft.AspNetCore.Hosting.Diagnostics - Request starting HTTP/2 GET https://localhost:44376/swagger/v1/swagger.json - -
2024-05-02 18:43:18,946 [.NET ThreadPool Worker] INFO  Microsoft.AspNetCore.Hosting.Diagnostics - Request starting HTTP/2 GET https://localhost:44376/swagger/favicon-32x32.png - -
2024-05-02 18:43:18,950 [.NET ThreadPool Worker] INFO  Microsoft.AspNetCore.StaticFiles.StaticFileMiddleware - Sending file. Request path: '/favicon-32x32.png'. Physical path: 'N/A'
2024-05-02 18:43:18,954 [.NET ThreadPool Worker] INFO  Microsoft.AspNetCore.Hosting.Diagnostics - Request finished HTTP/2 GET https://localhost:44376/swagger/favicon-32x32.png - - - 200 628 image/png 8.5767ms
2024-05-02 18:43:18,963 [.NET ThreadPool Worker] INFO  Microsoft.AspNetCore.Hosting.Diagnostics - Request starting HTTP/2 GET https://localhost:44376/swagger/swagger-ui-bundle.js - -
2024-05-02 18:43:18,967 [.NET ThreadPool Worker] INFO  Microsoft.AspNetCore.Hosting.Diagnostics - Request starting HTTP/2 GET https://localhost:44376/_vs/browserLink - -
2024-05-02 18:43:18,978 [.NET ThreadPool Worker] INFO  Microsoft.AspNetCore.StaticFiles.StaticFileMiddleware - Sending file. Request path: '/swagger-ui-bundle.js'. Physical path: 'N/A'
2024-05-02 18:43:18,985 [.NET ThreadPool Worker] INFO  Microsoft.AspNetCore.Hosting.Diagnostics - Request finished HTTP/2 GET https://localhost:44376/_vs/browserLink - - - 200 - text/javascript;+charset=UTF-8 18.8521ms
2024-05-02 18:43:19,003 [.NET ThreadPool Worker] INFO  Microsoft.AspNetCore.Hosting.Diagnostics - Request finished HTTP/2 GET https://localhost:44376/swagger/swagger-ui-bundle.js - - - 200 1061536 application/javascript 39.6890ms
2024-05-02 18:43:19,073 [.NET ThreadPool Worker] INFO  Microsoft.AspNetCore.Hosting.Diagnostics - Request finished HTTP/2 GET https://localhost:44376/swagger/v1/swagger.json - - - 200 - application/json;charset=utf-8 144.2824ms
2024-05-02 18:43:33,389 [.NET ThreadPool Worker] INFO  Microsoft.AspNetCore.Hosting.Diagnostics - Request starting HTTP/2 POST https://localhost:44376/v1/api/Token application/json-patch+json 51
2024-05-02 18:43:33,398 [.NET ThreadPool Worker] INFO  Microsoft.AspNetCore.Cors.Infrastructure.CorsService - CORS policy execution successful.
2024-05-02 18:43:33,838 [.NET ThreadPool Worker] INFO  Microsoft.AspNetCore.Routing.EndpointMiddleware - Executing endpoint 'MyProjectName.API.Controllers.TokenController.Post (MyProjectName.API)'
2024-05-02 18:43:33,861 [.NET ThreadPool Worker] INFO  Microsoft.AspNetCore.Mvc.Infrastructure.ControllerActionInvoker - Route matched with {action = "Post", controller = "Token"}. Executing controller action with signature Microsoft.AspNetCore.Mvc.ActionResult Post(MyProjectName.Utility.AuthenticateModel) on controller MyProjectName.API.Controllers.TokenController (MyProjectName.API).
2024-05-02 18:43:34,032 [.NET ThreadPool Worker] INFO  Microsoft.AspNetCore.Mvc.Infrastructure.ControllerActionInvoker - Executing action method MyProjectName.API.Controllers.TokenController.Post (MyProjectName.API) - Validation state: Valid
2024-05-02 18:43:34,257 [.NET ThreadPool Worker] INFO  Microsoft.AspNetCore.Mvc.Infrastructure.ControllerActionInvoker - Executed action method MyProjectName.API.Controllers.TokenController.Post (MyProjectName.API), returned result Microsoft.AspNetCore.Mvc.OkObjectResult in 215.9802ms.
2024-05-02 18:43:34,264 [.NET ThreadPool Worker] INFO  Microsoft.AspNetCore.Mvc.Infrastructure.ObjectResultExecutor - Executing OkObjectResult, writing value of type 'MyProjectName.Utility.APIResponse'.
2024-05-02 18:43:34,312 [.NET ThreadPool Worker] INFO  Microsoft.AspNetCore.Mvc.Infrastructure.ControllerActionInvoker - Executed action MyProjectName.API.Controllers.TokenController.Post (MyProjectName.API) in 439.7719ms
2024-05-02 18:43:34,315 [.NET ThreadPool Worker] INFO  Microsoft.AspNetCore.Routing.EndpointMiddleware - Executed endpoint 'MyProjectName.API.Controllers.TokenController.Post (MyProjectName.API)'
2024-05-02 18:43:34,318 [.NET ThreadPool Worker] INFO  Microsoft.AspNetCore.Hosting.Diagnostics - Request finished HTTP/2 POST https://localhost:44376/v1/api/Token application/json-patch+json 51 - 200 380 application/json;+charset=utf-8 929.5711ms
2024-05-02 18:43:56,354 [.NET ThreadPool Worker] INFO  Microsoft.AspNetCore.Hosting.Diagnostics - Request starting HTTP/2 POST https://localhost:44376/v1/api/SP/Sp_Login application/json-patch+json 48
2024-05-02 18:43:56,358 [.NET ThreadPool Worker] INFO  Microsoft.AspNetCore.Cors.Infrastructure.CorsService - CORS policy execution successful.
2024-05-02 18:43:56,466 [.NET ThreadPool Worker] INFO  Microsoft.AspNetCore.Routing.EndpointMiddleware - Executing endpoint 'MyProjectName.API.Controllers.SPController.Post_Sp_Login (MyProjectName.API)'
2024-05-02 18:43:56,469 [.NET ThreadPool Worker] INFO  Microsoft.AspNetCore.Mvc.Infrastructure.ControllerActionInvoker - Route matched with {action = "Post_Sp_Login", controller = "SP"}. Executing controller action with signature Microsoft.AspNetCore.Mvc.ActionResult Post_Sp_Login(MyProjectName.Model.Sp_LoginInputModel) on controller MyProjectName.API.Controllers.SPController (MyProjectName.API).
2024-05-02 18:43:56,778 [.NET ThreadPool Worker] INFO  Microsoft.AspNetCore.Mvc.Infrastructure.ControllerActionInvoker - Executing action method MyProjectName.API.Controllers.SPController.Post_Sp_Login (MyProjectName.API) - Validation state: Valid
2024-05-02 18:43:56,870 [.NET ThreadPool Worker] INFO  Microsoft.AspNetCore.Mvc.Infrastructure.ControllerActionInvoker - Executed action method MyProjectName.API.Controllers.SPController.Post_Sp_Login (MyProjectName.API), returned result Microsoft.AspNetCore.Mvc.OkObjectResult in 88.3674ms.
2024-05-02 18:43:56,873 [.NET ThreadPool Worker] INFO  Microsoft.AspNetCore.Mvc.Infrastructure.ObjectResultExecutor - Executing OkObjectResult, writing value of type 'MyProjectName.Utility.APIResponse'.
2024-05-02 18:43:56,884 [.NET ThreadPool Worker] INFO  Microsoft.AspNetCore.Mvc.Infrastructure.ControllerActionInvoker - Executed action MyProjectName.API.Controllers.SPController.Post_Sp_Login (MyProjectName.API) in 411.9876ms
2024-05-02 18:43:56,886 [.NET ThreadPool Worker] INFO  Microsoft.AspNetCore.Routing.EndpointMiddleware - Executed endpoint 'MyProjectName.API.Controllers.SPController.Post_Sp_Login (MyProjectName.API)'
2024-05-02 18:43:56,896 [.NET ThreadPool Worker] INFO  Microsoft.AspNetCore.Hosting.Diagnostics - Request finished HTTP/2 POST https://localhost:44376/v1/api/SP/Sp_Login application/json-patch+json 48 - 200 117 application/json;+charset=utf-8 542.3269ms
