2024-05-02 21:02:48,585 [.NET ThreadPool Worker] INFO  Microsoft.AspNetCore.Hosting.Diagnostics - Request starting HTTP/1.1 POST https://localhost:44376/v1/api/SP/Sp_Login application/json;+charset=utf-8 29
2024-05-02 21:02:48,625 [.NET ThreadPool Worker] INFO  Microsoft.AspNetCore.Routing.EndpointMiddleware - Executing endpoint 'MyProjectName.API.Controllers.SPController.Post_Sp_Login (MyProjectName.API)'
2024-05-02 21:02:48,627 [.NET ThreadPool Worker] INFO  Microsoft.AspNetCore.Mvc.Infrastructure.ControllerActionInvoker - Route matched with {action = "Post_Sp_Login", controller = "SP"}. Executing controller action with signature Microsoft.AspNetCore.Mvc.ActionResult Post_Sp_Login(MyProjectName.Model.Sp_LoginInputModel) on controller MyProjectName.API.Controllers.SPController (MyProjectName.API).
2024-05-02 21:02:48,676 [.NET ThreadPool Worker] INFO  Microsoft.AspNetCore.Mvc.Infrastructure.ControllerActionInvoker - Executing action method MyProjectName.API.Controllers.SPController.Post_Sp_Login (MyProjectName.API) - Validation state: Valid
2024-05-02 21:02:48,695 [.NET ThreadPool Worker] INFO  Microsoft.AspNetCore.Mvc.Infrastructure.ControllerActionInvoker - Executed action method MyProjectName.API.Controllers.SPController.Post_Sp_Login (MyProjectName.API), returned result Microsoft.AspNetCore.Mvc.OkObjectResult in 15.8577ms.
2024-05-02 21:02:48,697 [.NET ThreadPool Worker] INFO  Microsoft.AspNetCore.Mvc.Infrastructure.ObjectResultExecutor - Executing OkObjectResult, writing value of type 'MyProjectName.Utility.APIResponse'.
2024-05-02 21:02:48,700 [.NET ThreadPool Worker] INFO  Microsoft.AspNetCore.Mvc.Infrastructure.ControllerActionInvoker - Executed action MyProjectName.API.Controllers.SPController.Post_Sp_Login (MyProjectName.API) in 70.2655ms
2024-05-02 21:02:48,705 [.NET ThreadPool Worker] INFO  Microsoft.AspNetCore.Routing.EndpointMiddleware - Executed endpoint 'MyProjectName.API.Controllers.SPController.Post_Sp_Login (MyProjectName.API)'
2024-05-02 21:02:48,710 [.NET ThreadPool Worker] INFO  Microsoft.AspNetCore.Hosting.Diagnostics - Request finished HTTP/1.1 POST https://localhost:44376/v1/api/SP/Sp_Login application/json;+charset=utf-8 29 - 200 117 application/json;+charset=utf-8 129.1303ms
2024-05-02 21:02:54,184 [.NET ThreadPool Worker] INFO  Microsoft.AspNetCore.Hosting.Diagnostics - Request starting HTTP/1.1 POST https://localhost:44376/v1/api/SP/Sp_Login application/json;+charset=utf-8 56
2024-05-02 21:02:54,190 [.NET ThreadPool Worker] INFO  Microsoft.AspNetCore.Routing.EndpointMiddleware - Executing endpoint 'MyProjectName.API.Controllers.SPController.Post_Sp_Login (MyProjectName.API)'
2024-05-02 21:02:54,194 [.NET ThreadPool Worker] INFO  Microsoft.AspNetCore.Mvc.Infrastructure.ControllerActionInvoker - Route matched with {action = "Post_Sp_Login", controller = "SP"}. Executing controller action with signature Microsoft.AspNetCore.Mvc.ActionResult Post_Sp_Login(MyProjectName.Model.Sp_LoginInputModel) on controller MyProjectName.API.Controllers.SPController (MyProjectName.API).
2024-05-02 21:02:54,231 [.NET ThreadPool Worker] INFO  Microsoft.AspNetCore.Mvc.Infrastructure.ControllerActionInvoker - Executing action method MyProjectName.API.Controllers.SPController.Post_Sp_Login (MyProjectName.API) - Validation state: Valid
2024-05-02 21:02:54,250 [.NET ThreadPool Worker] INFO  Microsoft.AspNetCore.Mvc.Infrastructure.ControllerActionInvoker - Executed action method MyProjectName.API.Controllers.SPController.Post_Sp_Login (MyProjectName.API), returned result Microsoft.AspNetCore.Mvc.OkObjectResult in 14.3376ms.
2024-05-02 21:02:54,254 [.NET ThreadPool Worker] INFO  Microsoft.AspNetCore.Mvc.Infrastructure.ObjectResultExecutor - Executing OkObjectResult, writing value of type 'MyProjectName.Utility.APIResponse'.
2024-05-02 21:02:54,258 [.NET ThreadPool Worker] INFO  Microsoft.AspNetCore.Mvc.Infrastructure.ControllerActionInvoker - Executed action MyProjectName.API.Controllers.SPController.Post_Sp_Login (MyProjectName.API) in 61.2068ms
2024-05-02 21:02:54,260 [.NET ThreadPool Worker] INFO  Microsoft.AspNetCore.Routing.EndpointMiddleware - Executed endpoint 'MyProjectName.API.Controllers.SPController.Post_Sp_Login (MyProjectName.API)'
2024-05-02 21:02:54,263 [.NET ThreadPool Worker] INFO  Microsoft.AspNetCore.Hosting.Diagnostics - Request finished HTTP/1.1 POST https://localhost:44376/v1/api/SP/Sp_Login application/json;+charset=utf-8 56 - 200 117 application/json;+charset=utf-8 79.5684ms
2024-05-02 21:02:59,860 [.NET ThreadPool Worker] INFO  Microsoft.AspNetCore.Hosting.Diagnostics - Request starting HTTP/1.1 POST https://localhost:44376/v1/api/SP/Sp_Login application/json;+charset=utf-8 39
2024-05-02 21:02:59,863 [.NET ThreadPool Worker] INFO  Microsoft.AspNetCore.Routing.EndpointMiddleware - Executing endpoint 'MyProjectName.API.Controllers.SPController.Post_Sp_Login (MyProjectName.API)'
2024-05-02 21:02:59,865 [.NET ThreadPool Worker] INFO  Microsoft.AspNetCore.Mvc.Infrastructure.ControllerActionInvoker - Route matched with {action = "Post_Sp_Login", controller = "SP"}. Executing controller action with signature Microsoft.AspNetCore.Mvc.ActionResult Post_Sp_Login(MyProjectName.Model.Sp_LoginInputModel) on controller MyProjectName.API.Controllers.SPController (MyProjectName.API).
2024-05-02 21:02:59,897 [.NET ThreadPool Worker] INFO  Microsoft.AspNetCore.Mvc.Infrastructure.ControllerActionInvoker - Executing action method MyProjectName.API.Controllers.SPController.Post_Sp_Login (MyProjectName.API) - Validation state: Valid
2024-05-02 21:02:59,916 [.NET ThreadPool Worker] INFO  Microsoft.AspNetCore.Mvc.Infrastructure.ControllerActionInvoker - Executed action method MyProjectName.API.Controllers.SPController.Post_Sp_Login (MyProjectName.API), returned result Microsoft.AspNetCore.Mvc.OkObjectResult in 16.5286ms.
2024-05-02 21:02:59,921 [.NET ThreadPool Worker] INFO  Microsoft.AspNetCore.Mvc.Infrastructure.ObjectResultExecutor - Executing OkObjectResult, writing value of type 'MyProjectName.Utility.APIResponse'.
2024-05-02 21:02:59,925 [.NET ThreadPool Worker] INFO  Microsoft.AspNetCore.Mvc.Infrastructure.ControllerActionInvoker - Executed action MyProjectName.API.Controllers.SPController.Post_Sp_Login (MyProjectName.API) in 57.3379ms
2024-05-02 21:02:59,928 [.NET ThreadPool Worker] INFO  Microsoft.AspNetCore.Routing.EndpointMiddleware - Executed endpoint 'MyProjectName.API.Controllers.SPController.Post_Sp_Login (MyProjectName.API)'
2024-05-02 21:02:59,931 [.NET ThreadPool Worker] INFO  Microsoft.AspNetCore.Hosting.Diagnostics - Request finished HTTP/1.1 POST https://localhost:44376/v1/api/SP/Sp_Login application/json;+charset=utf-8 39 - 200 117 application/json;+charset=utf-8 70.7885ms
