2024-05-02 21:49:01,505 [.NET ThreadPool Worker] INFO  Microsoft.AspNetCore.Hosting.Diagnostics - Request starting HTTP/2 POST https://localhost:44376/v1/api/Token application/json-patch+json 51
2024-05-02 21:49:01,540 [.NET ThreadPool Worker] INFO  Microsoft.AspNetCore.Cors.Infrastructure.CorsService - CORS policy execution successful.
2024-05-02 21:49:01,543 [.NET ThreadPool Worker] INFO  Microsoft.AspNetCore.Routing.EndpointMiddleware - Executing endpoint 'MyProjectName.API.Controllers.TokenController.Post (MyProjectName.API)'
2024-05-02 21:49:01,546 [.NET ThreadPool Worker] INFO  Microsoft.AspNetCore.Mvc.Infrastructure.ControllerActionInvoker - Route matched with {action = "Post", controller = "Token"}. Executing controller action with signature Microsoft.AspNetCore.Mvc.ActionResult Post(MyProjectName.Utility.AuthenticateModel) on controller MyProjectName.API.Controllers.TokenController (MyProjectName.API).
2024-05-02 21:49:01,561 [.NET ThreadPool Worker] INFO  Microsoft.AspNetCore.Mvc.Infrastructure.ControllerActionInvoker - Executing action method MyProjectName.API.Controllers.TokenController.Post (MyProjectName.API) - Validation state: Valid
2024-05-02 21:49:01,564 [.NET ThreadPool Worker] INFO  Microsoft.AspNetCore.Mvc.Infrastructure.ControllerActionInvoker - Executed action method MyProjectName.API.Controllers.TokenController.Post (MyProjectName.API), returned result Microsoft.AspNetCore.Mvc.OkObjectResult in 0.2712ms.
2024-05-02 21:49:01,567 [.NET ThreadPool Worker] INFO  Microsoft.AspNetCore.Mvc.Infrastructure.ObjectResultExecutor - Executing OkObjectResult, writing value of type 'MyProjectName.Utility.APIResponse'.
2024-05-02 21:49:01,571 [.NET ThreadPool Worker] INFO  Microsoft.AspNetCore.Mvc.Infrastructure.ControllerActionInvoker - Executed action MyProjectName.API.Controllers.TokenController.Post (MyProjectName.API) in 22.657ms
2024-05-02 21:49:01,574 [.NET ThreadPool Worker] INFO  Microsoft.AspNetCore.Routing.EndpointMiddleware - Executed endpoint 'MyProjectName.API.Controllers.TokenController.Post (MyProjectName.API)'
2024-05-02 21:49:01,577 [.NET ThreadPool Worker] INFO  Microsoft.AspNetCore.Hosting.Diagnostics - Request finished HTTP/2 POST https://localhost:44376/v1/api/Token application/json-patch+json 51 - 200 380 application/json;+charset=utf-8 72.3827ms
2024-05-02 21:49:14,730 [.NET ThreadPool Worker] INFO  Microsoft.AspNetCore.Hosting.Diagnostics - Request starting HTTP/2 POST https://localhost:44376/v1/api/SP/Sp_Reg application/json-patch+json 285
2024-05-02 21:49:14,733 [.NET ThreadPool Worker] INFO  Microsoft.AspNetCore.Cors.Infrastructure.CorsService - CORS policy execution successful.
2024-05-02 21:49:14,738 [.NET ThreadPool Worker] INFO  Microsoft.AspNetCore.Routing.EndpointMiddleware - Executing endpoint 'MyProjectName.API.Controllers.SPController.Post_Sp_Reg (MyProjectName.API)'
2024-05-02 21:49:14,742 [.NET ThreadPool Worker] INFO  Microsoft.AspNetCore.Mvc.Infrastructure.ControllerActionInvoker - Route matched with {action = "Post_Sp_Reg", controller = "SP"}. Executing controller action with signature Microsoft.AspNetCore.Mvc.ActionResult Post_Sp_Reg(MyProjectName.Model.Sp_RegInputModel) on controller MyProjectName.API.Controllers.SPController (MyProjectName.API).
2024-05-02 21:49:14,775 [.NET ThreadPool Worker] INFO  Microsoft.AspNetCore.Mvc.Infrastructure.ControllerActionInvoker - Executing action method MyProjectName.API.Controllers.SPController.Post_Sp_Reg (MyProjectName.API) - Validation state: Valid
2024-05-02 21:49:14,822 [.NET ThreadPool Worker] INFO  Microsoft.AspNetCore.Mvc.Infrastructure.ControllerActionInvoker - Executed action method MyProjectName.API.Controllers.SPController.Post_Sp_Reg (MyProjectName.API), returned result Microsoft.AspNetCore.Mvc.ObjectResult in 44.4845ms.
2024-05-02 21:49:14,825 [.NET ThreadPool Worker] INFO  Microsoft.AspNetCore.Mvc.Infrastructure.ObjectResultExecutor - Executing ObjectResult, writing value of type 'MyProjectName.Utility.APIResponse'.
2024-05-02 21:49:14,828 [.NET ThreadPool Worker] INFO  Microsoft.AspNetCore.Mvc.Infrastructure.ControllerActionInvoker - Executed action MyProjectName.API.Controllers.SPController.Post_Sp_Reg (MyProjectName.API) in 81.9074ms
2024-05-02 21:49:14,830 [.NET ThreadPool Worker] INFO  Microsoft.AspNetCore.Routing.EndpointMiddleware - Executed endpoint 'MyProjectName.API.Controllers.SPController.Post_Sp_Reg (MyProjectName.API)'
2024-05-02 21:49:14,834 [.NET ThreadPool Worker] INFO  Microsoft.AspNetCore.Hosting.Diagnostics - Request finished HTTP/2 POST https://localhost:44376/v1/api/SP/Sp_Reg application/json-patch+json 285 - 500 476 application/json;+charset=utf-8 103.6896ms
2024-05-02 21:49:43,573 [.NET ThreadPool Worker] INFO  Microsoft.AspNetCore.Hosting.Diagnostics - Request starting HTTP/2 POST https://localhost:44376/v1/api/SP/Sp_Reg application/json-patch+json 287
2024-05-02 21:49:43,577 [.NET ThreadPool Worker] INFO  Microsoft.AspNetCore.Cors.Infrastructure.CorsService - CORS policy execution successful.
2024-05-02 21:49:43,581 [.NET ThreadPool Worker] INFO  Microsoft.AspNetCore.Routing.EndpointMiddleware - Executing endpoint 'MyProjectName.API.Controllers.SPController.Post_Sp_Reg (MyProjectName.API)'
2024-05-02 21:49:43,586 [.NET ThreadPool Worker] INFO  Microsoft.AspNetCore.Mvc.Infrastructure.ControllerActionInvoker - Route matched with {action = "Post_Sp_Reg", controller = "SP"}. Executing controller action with signature Microsoft.AspNetCore.Mvc.ActionResult Post_Sp_Reg(MyProjectName.Model.Sp_RegInputModel) on controller MyProjectName.API.Controllers.SPController (MyProjectName.API).
2024-05-02 21:49:43,614 [.NET ThreadPool Worker] INFO  Microsoft.AspNetCore.Mvc.Infrastructure.ControllerActionInvoker - Executing action method MyProjectName.API.Controllers.SPController.Post_Sp_Reg (MyProjectName.API) - Validation state: Valid
2024-05-02 21:49:43,662 [.NET ThreadPool Worker] INFO  Microsoft.AspNetCore.Mvc.Infrastructure.ControllerActionInvoker - Executed action method MyProjectName.API.Controllers.SPController.Post_Sp_Reg (MyProjectName.API), returned result Microsoft.AspNetCore.Mvc.ObjectResult in 45.5057ms.
2024-05-02 21:49:43,664 [.NET ThreadPool Worker] INFO  Microsoft.AspNetCore.Mvc.Infrastructure.ObjectResultExecutor - Executing ObjectResult, writing value of type 'MyProjectName.Utility.APIResponse'.
2024-05-02 21:49:43,670 [.NET ThreadPool Worker] INFO  Microsoft.AspNetCore.Mvc.Infrastructure.ControllerActionInvoker - Executed action MyProjectName.API.Controllers.SPController.Post_Sp_Reg (MyProjectName.API) in 79.2498ms
2024-05-02 21:49:43,673 [.NET ThreadPool Worker] INFO  Microsoft.AspNetCore.Routing.EndpointMiddleware - Executed endpoint 'MyProjectName.API.Controllers.SPController.Post_Sp_Reg (MyProjectName.API)'
2024-05-02 21:49:43,675 [.NET ThreadPool Worker] INFO  Microsoft.AspNetCore.Hosting.Diagnostics - Request finished HTTP/2 POST https://localhost:44376/v1/api/SP/Sp_Reg application/json-patch+json 287 - 500 476 application/json;+charset=utf-8 103.0359ms
