2024-05-03 21:56:42,215 [1] INFO  Microsoft.AspNetCore.DataProtection.KeyManagement.XmlKeyManager - User profile is available. Using 'C:\Users\dattr\AppData\Local\ASP.NET\DataProtection-Keys' as key repository and Windows DPAPI to encrypt keys at rest.
2024-05-03 21:56:42,938 [1] INFO  Microsoft.AspNetCore.DataProtection.KeyManagement.XmlKeyManager - Creating key {ea50c08c-17cf-40b4-b4d2-651b1fdadf07} with creation date 2024-05-03 14:56:42Z, activation date 2024-05-03 14:56:42Z, and expiration date 2024-08-01 14:56:42Z.
2024-05-03 21:56:42,953 [1] INFO  Microsoft.AspNetCore.DataProtection.Repositories.FileSystemXmlRepository - Writing data to file 'C:\Users\dattr\AppData\Local\ASP.NET\DataProtection-Keys\key-ea50c08c-17cf-40b4-b4d2-651b1fdadf07.xml'.
2024-05-03 21:56:43,066 [.NET ThreadPool Worker] INFO  Microsoft.AspNetCore.Hosting.Diagnostics - Request starting HTTP/2 GET https://localhost:44376/swagger - -
2024-05-03 21:56:43,531 [.NET ThreadPool Worker] INFO  Microsoft.AspNetCore.Hosting.Diagnostics - Request starting HTTP/2 GET https://localhost:44376/swagger/index.html - -
2024-05-03 21:56:43,541 [7] INFO  Microsoft.AspNetCore.Hosting.Diagnostics - Request finished HTTP/2 GET https://localhost:44376/swagger - - - 301 - - 474.2777ms
2024-05-03 21:56:43,616 [.NET ThreadPool Worker] INFO  Microsoft.AspNetCore.Hosting.Diagnostics - Request finished HTTP/2 GET https://localhost:44376/swagger/index.html - - - 200 - text/html;charset=utf-8 85.2129ms
2024-05-03 21:56:43,639 [.NET ThreadPool Worker] INFO  Microsoft.AspNetCore.Hosting.Diagnostics - Request starting HTTP/2 GET https://localhost:44376/swagger/swagger-ui-standalone-preset.js - -
2024-05-03 21:56:43,643 [.NET ThreadPool Worker] INFO  Microsoft.AspNetCore.Hosting.Diagnostics - Request starting HTTP/2 GET https://localhost:44376/swagger/swagger-ui-bundle.js - -
2024-05-03 21:56:43,641 [.NET ThreadPool Worker] INFO  Microsoft.AspNetCore.Hosting.Diagnostics - Request starting HTTP/2 GET https://localhost:44376/swagger/swagger-ui.css - -
2024-05-03 21:56:43,697 [.NET ThreadPool Worker] INFO  Microsoft.AspNetCore.StaticFiles.StaticFileMiddleware - Sending file. Request path: '/swagger-ui.css'. Physical path: 'N/A'
2024-05-03 21:56:43,697 [.NET ThreadPool Worker] INFO  Microsoft.AspNetCore.StaticFiles.StaticFileMiddleware - Sending file. Request path: '/swagger-ui-bundle.js'. Physical path: 'N/A'
2024-05-03 21:56:43,697 [.NET ThreadPool Worker] INFO  Microsoft.AspNetCore.StaticFiles.StaticFileMiddleware - Sending file. Request path: '/swagger-ui-standalone-preset.js'. Physical path: 'N/A'
2024-05-03 21:56:43,705 [.NET ThreadPool Worker] INFO  Microsoft.AspNetCore.Hosting.Diagnostics - Request finished HTTP/2 GET https://localhost:44376/swagger/swagger-ui.css - - - 200 144929 text/css 67.6001ms
2024-05-03 21:56:43,709 [.NET ThreadPool Worker] INFO  Microsoft.AspNetCore.Hosting.Diagnostics - Request starting HTTP/2 GET https://localhost:44376/_framework/aspnetcore-browser-refresh.js - -
2024-05-03 21:56:43,717 [.NET ThreadPool Worker] INFO  Microsoft.AspNetCore.Hosting.Diagnostics - Request finished HTTP/2 GET https://localhost:44376/swagger/swagger-ui-standalone-preset.js - - - 200 312163 application/javascript 79.1322ms
2024-05-03 21:56:43,728 [.NET ThreadPool Worker] INFO  Microsoft.AspNetCore.Hosting.Diagnostics - Request finished HTTP/2 GET https://localhost:44376/_framework/aspnetcore-browser-refresh.js - - - 200 13770 application/javascript;+charset=utf-8 15.8609ms
2024-05-03 21:56:43,732 [.NET ThreadPool Worker] INFO  Microsoft.AspNetCore.Hosting.Diagnostics - Request starting HTTP/2 GET https://localhost:44376/_vs/browserLink - -
2024-05-03 21:56:43,739 [.NET ThreadPool Worker] INFO  Microsoft.AspNetCore.Hosting.Diagnostics - Request finished HTTP/2 GET https://localhost:44376/swagger/swagger-ui-bundle.js - - - 200 1061536 application/javascript 95.9111ms
2024-05-03 21:56:43,806 [.NET ThreadPool Worker] INFO  Microsoft.AspNetCore.Hosting.Diagnostics - Request finished HTTP/2 GET https://localhost:44376/_vs/browserLink - - - 200 - text/javascript;+charset=UTF-8 70.3614ms
2024-05-03 21:56:43,901 [.NET ThreadPool Worker] INFO  Microsoft.AspNetCore.Hosting.Diagnostics - Request starting HTTP/2 GET https://localhost:44376/swagger/v1/swagger.json - -
2024-05-03 21:56:43,925 [.NET ThreadPool Worker] INFO  Microsoft.AspNetCore.Hosting.Diagnostics - Request starting HTTP/2 GET https://localhost:44376/swagger/favicon-32x32.png - -
2024-05-03 21:56:43,930 [.NET ThreadPool Worker] INFO  Microsoft.AspNetCore.StaticFiles.StaticFileMiddleware - Sending file. Request path: '/favicon-32x32.png'. Physical path: 'N/A'
2024-05-03 21:56:43,934 [.NET ThreadPool Worker] INFO  Microsoft.AspNetCore.Hosting.Diagnostics - Request finished HTTP/2 GET https://localhost:44376/swagger/favicon-32x32.png - - - 200 628 image/png 9.8429ms
2024-05-03 21:56:44,015 [.NET ThreadPool Worker] INFO  Microsoft.AspNetCore.Hosting.Diagnostics - Request finished HTTP/2 GET https://localhost:44376/swagger/v1/swagger.json - - - 200 - application/json;charset=utf-8 112.7434ms
