2024-05-02 20:51:04,247 [.NET ThreadPool Worker] INFO  Microsoft.AspNetCore.Hosting.Diagnostics - Request starting HTTP/1.1 POST https://localhost:44376/v1/api/SP/Sp_Login application/json;+charset=utf-8 39
2024-05-02 20:51:04,284 [.NET ThreadPool Worker] INFO  Microsoft.AspNetCore.Routing.EndpointMiddleware - Executing endpoint 'MyProjectName.API.Controllers.SPController.Post_Sp_Login (MyProjectName.API)'
2024-05-02 20:51:04,288 [.NET ThreadPool Worker] INFO  Microsoft.AspNetCore.Mvc.Infrastructure.ControllerActionInvoker - Route matched with {action = "Post_Sp_Login", controller = "SP"}. Executing controller action with signature Microsoft.AspNetCore.Mvc.ActionResult Post_Sp_Login(MyProjectName.Model.Sp_LoginInputModel) on controller MyProjectName.API.Controllers.SPController (MyProjectName.API).
2024-05-02 20:51:04,326 [.NET ThreadPool Worker] INFO  Microsoft.AspNetCore.Mvc.Infrastructure.ControllerActionInvoker - Executing action method MyProjectName.API.Controllers.SPController.Post_Sp_Login (MyProjectName.API) - Validation state: Valid
2024-05-02 20:51:04,344 [.NET ThreadPool Worker] INFO  Microsoft.AspNetCore.Mvc.Infrastructure.ControllerActionInvoker - Executed action method MyProjectName.API.Controllers.SPController.Post_Sp_Login (MyProjectName.API), returned result Microsoft.AspNetCore.Mvc.OkObjectResult in 15.2449ms.
2024-05-02 20:51:04,346 [.NET ThreadPool Worker] INFO  Microsoft.AspNetCore.Mvc.Infrastructure.ObjectResultExecutor - Executing OkObjectResult, writing value of type 'MyProjectName.Utility.APIResponse'.
2024-05-02 20:51:04,349 [.NET ThreadPool Worker] INFO  Microsoft.AspNetCore.Mvc.Infrastructure.ControllerActionInvoker - Executed action MyProjectName.API.Controllers.SPController.Post_Sp_Login (MyProjectName.API) in 57.7324ms
2024-05-02 20:51:04,351 [.NET ThreadPool Worker] INFO  Microsoft.AspNetCore.Routing.EndpointMiddleware - Executed endpoint 'MyProjectName.API.Controllers.SPController.Post_Sp_Login (MyProjectName.API)'
2024-05-02 20:51:04,356 [.NET ThreadPool Worker] INFO  Microsoft.AspNetCore.Hosting.Diagnostics - Request finished HTTP/1.1 POST https://localhost:44376/v1/api/SP/Sp_Login application/json;+charset=utf-8 39 - 200 117 application/json;+charset=utf-8 108.1373ms
2024-05-02 20:51:14,864 [.NET ThreadPool Worker] INFO  Microsoft.AspNetCore.Hosting.Diagnostics - Request starting HTTP/1.1 POST https://localhost:44376/v1/api/SP/Sp_Login application/json;+charset=utf-8 59
2024-05-02 20:51:14,866 [.NET ThreadPool Worker] INFO  Microsoft.AspNetCore.Routing.EndpointMiddleware - Executing endpoint 'MyProjectName.API.Controllers.SPController.Post_Sp_Login (MyProjectName.API)'
2024-05-02 20:51:14,869 [.NET ThreadPool Worker] INFO  Microsoft.AspNetCore.Mvc.Infrastructure.ControllerActionInvoker - Route matched with {action = "Post_Sp_Login", controller = "SP"}. Executing controller action with signature Microsoft.AspNetCore.Mvc.ActionResult Post_Sp_Login(MyProjectName.Model.Sp_LoginInputModel) on controller MyProjectName.API.Controllers.SPController (MyProjectName.API).
2024-05-02 20:51:14,902 [.NET ThreadPool Worker] INFO  Microsoft.AspNetCore.Mvc.Infrastructure.ControllerActionInvoker - Executing action method MyProjectName.API.Controllers.SPController.Post_Sp_Login (MyProjectName.API) - Validation state: Valid
2024-05-02 20:51:14,922 [.NET ThreadPool Worker] INFO  Microsoft.AspNetCore.Mvc.Infrastructure.ControllerActionInvoker - Executed action method MyProjectName.API.Controllers.SPController.Post_Sp_Login (MyProjectName.API), returned result Microsoft.AspNetCore.Mvc.OkObjectResult in 14.1902ms.
2024-05-02 20:51:14,925 [.NET ThreadPool Worker] INFO  Microsoft.AspNetCore.Mvc.Infrastructure.ObjectResultExecutor - Executing OkObjectResult, writing value of type 'MyProjectName.Utility.APIResponse'.
2024-05-02 20:51:14,928 [.NET ThreadPool Worker] INFO  Microsoft.AspNetCore.Mvc.Infrastructure.ControllerActionInvoker - Executed action MyProjectName.API.Controllers.SPController.Post_Sp_Login (MyProjectName.API) in 55.4155ms
2024-05-02 20:51:14,931 [.NET ThreadPool Worker] INFO  Microsoft.AspNetCore.Routing.EndpointMiddleware - Executed endpoint 'MyProjectName.API.Controllers.SPController.Post_Sp_Login (MyProjectName.API)'
2024-05-02 20:51:14,933 [.NET ThreadPool Worker] INFO  Microsoft.AspNetCore.Hosting.Diagnostics - Request finished HTTP/1.1 POST https://localhost:44376/v1/api/SP/Sp_Login application/json;+charset=utf-8 59 - 200 117 application/json;+charset=utf-8 69.6254ms
2024-05-02 20:51:46,860 [.NET ThreadPool Worker] INFO  Microsoft.AspNetCore.Hosting.Diagnostics - Request starting HTTP/1.1 POST https://localhost:44376/v1/api/SP/Sp_Login application/json;+charset=utf-8 51
2024-05-02 20:51:46,864 [.NET ThreadPool Worker] INFO  Microsoft.AspNetCore.Routing.EndpointMiddleware - Executing endpoint 'MyProjectName.API.Controllers.SPController.Post_Sp_Login (MyProjectName.API)'
2024-05-02 20:51:46,867 [.NET ThreadPool Worker] INFO  Microsoft.AspNetCore.Mvc.Infrastructure.ControllerActionInvoker - Route matched with {action = "Post_Sp_Login", controller = "SP"}. Executing controller action with signature Microsoft.AspNetCore.Mvc.ActionResult Post_Sp_Login(MyProjectName.Model.Sp_LoginInputModel) on controller MyProjectName.API.Controllers.SPController (MyProjectName.API).
2024-05-02 20:51:46,906 [.NET ThreadPool Worker] INFO  Microsoft.AspNetCore.Mvc.Infrastructure.ControllerActionInvoker - Executing action method MyProjectName.API.Controllers.SPController.Post_Sp_Login (MyProjectName.API) - Validation state: Valid
2024-05-02 20:51:46,923 [.NET ThreadPool Worker] INFO  Microsoft.AspNetCore.Mvc.Infrastructure.ControllerActionInvoker - Executed action method MyProjectName.API.Controllers.SPController.Post_Sp_Login (MyProjectName.API), returned result Microsoft.AspNetCore.Mvc.OkObjectResult in 14.8485ms.
2024-05-02 20:51:46,926 [.NET ThreadPool Worker] INFO  Microsoft.AspNetCore.Mvc.Infrastructure.ObjectResultExecutor - Executing OkObjectResult, writing value of type 'MyProjectName.Utility.APIResponse'.
2024-05-02 20:51:46,929 [.NET ThreadPool Worker] INFO  Microsoft.AspNetCore.Mvc.Infrastructure.ControllerActionInvoker - Executed action MyProjectName.API.Controllers.SPController.Post_Sp_Login (MyProjectName.API) in 59.4305ms
2024-05-02 20:51:46,931 [.NET ThreadPool Worker] INFO  Microsoft.AspNetCore.Routing.EndpointMiddleware - Executed endpoint 'MyProjectName.API.Controllers.SPController.Post_Sp_Login (MyProjectName.API)'
2024-05-02 20:51:46,934 [.NET ThreadPool Worker] INFO  Microsoft.AspNetCore.Hosting.Diagnostics - Request finished HTTP/1.1 POST https://localhost:44376/v1/api/SP/Sp_Login application/json;+charset=utf-8 51 - 200 117 application/json;+charset=utf-8 79.9220ms
